<?xml version="1.0" encoding="UTF-8"?>
<!-- Generated by org.testng.reporters.JUnitReportReporter -->
<testsuite skipped="0" hostname="administrator-Latitude-3450" name="test.TestSelenium" tests="1" failures="0" timestamp="2021-10-24T14:49:44 IST" time="0.022" errors="0">
  <testcase name="webauto" time="0.022" classname="test.TestSelenium"/>
  <system-out/>
</testsuite> <!-- test.TestSelenium -->
