<?xml version="1.0" encoding="UTF-8"?>
<!-- Generated by org.testng.reporters.JUnitReportReporter -->
<testsuite hostname="administrator-Latitude-3450" name="test.TestSelenium" tests="1" failures="0" timestamp="24 Oct 2021 08:51:45 GMT" time="0.015" errors="0">
  <testcase name="webauto" time="0.015" classname="test.TestSelenium"/>
</testsuite> <!-- test.TestSelenium -->
